2025-11-13 23:39:12 INFO  [main] c.example.nutrition.BasicContextTest - Starting BasicContextTest using Java 1.8.0_411 on LAPTOP-TM45V2HJ with PID 235128 (started by 33438 in E:\MobileInternet\Project)
2025-11-13 23:39:12 INFO  [main] c.example.nutrition.BasicContextTest - No active profile set, falling back to 1 default profile: "default"
2025-11-13 23:39:12 INFO  [background-preinit] o.h.validator.internal.util.Version - HV000001: Hibernate Validator 6.2.5.Final
2025-11-13 23:39:15 INFO  [main] o.s.d.r.c.RepositoryConfigurationDelegate - Bootstrapping Spring Data JPA repositories in DEFAULT mode.
2025-11-13 23:39:15 INFO  [main] o.s.d.r.c.RepositoryConfigurationDelegate - Finished Spring Data repository scanning in 108 ms. Found 3 JPA repository interfaces.
2025-11-13 23:39:16 INFO  [main] o.h.jpa.internal.util.LogHelper - HHH000204: Processing PersistenceUnitInfo [name: default]
2025-11-13 23:39:16 INFO  [main] org.hibernate.Version - HHH000412: Hibernate ORM core version 5.6.15.Final
2025-11-13 23:39:17 INFO  [main] o.h.annotations.common.Version - HCANN000001: Hibernate Commons Annotations {5.1.2.Final}
2025-11-13 23:39:19 INFO  [main] com.zaxxer.hikari.HikariDataSource - HikariPool-1 - Starting...
2025-11-13 23:39:20 INFO  [main] com.zaxxer.hikari.HikariDataSource - HikariPool-1 - Start completed.
2025-11-13 23:39:20 INFO  [main] org.hibernate.dialect.Dialect - HHH000400: Using dialect: org.hibernate.dialect.H2Dialect
2025-11-13 23:39:21 INFO  [main] o.h.e.t.j.p.i.JtaPlatformInitiator - HHH000490: Using JtaPlatform implementation: [org.hibernate.engine.transaction.jta.platform.internal.NoJtaPlatform]
2025-11-13 23:39:22 INFO  [main] o.s.o.j.LocalContainerEntityManagerFactoryBean - Initialized JPA EntityManagerFactory for persistence unit 'default'
2025-11-13 23:39:23 INFO  [main] o.s.s.web.DefaultSecurityFilterChain - Will secure any request with [org.springframework.security.web.session.DisableEncodeUrlFilter@1e50eb3f, org.springframework.security.web.context.request.async.WebAsyncManagerIntegrationFilter@12e3f4ae, org.springframework.security.web.context.SecurityContextPersistenceFilter@d271a54, org.springframework.security.web.header.HeaderWriterFilter@1191029d, org.springframework.security.web.authentication.logout.LogoutFilter@64d93096, com.example.nutrition.security.JwtAuthenticationFilter@2a531637, org.springframework.security.web.savedrequest.RequestCacheAwareFilter@409395b9, org.springframework.security.web.servletapi.SecurityContextHolderAwareRequestFilter@6207145c, org.springframework.security.web.authentication.AnonymousAuthenticationFilter@537451d5, org.springframework.security.web.session.SessionManagementFilter@7fbbdd8a, org.springframework.security.web.access.ExceptionTranslationFilter@5c3007d, org.springframework.security.web.access.intercept.FilterSecurityInterceptor@7a274521]
2025-11-13 23:39:25 INFO  [main] o.s.b.a.h.H2ConsoleAutoConfiguration - H2 console available at '/h2-console'. Database available at 'jdbc:h2:file:./data/db'
2025-11-13 23:39:26 INFO  [main] o.s.b.a.e.web.EndpointLinksResolver - Exposing 6 endpoint(s) beneath base path '/actuator'
2025-11-13 23:39:26 INFO  [main] c.example.nutrition.BasicContextTest - Started BasicContextTest in 14.41 seconds (JVM running for 16.884)
2025-11-13 23:39:27 INFO  [SpringApplicationShutdownHook] o.s.o.j.LocalContainerEntityManagerFactoryBean - Closing JPA EntityManagerFactory for persistence unit 'default'
2025-11-13 23:39:27 INFO  [SpringApplicationShutdownHook] com.zaxxer.hikari.HikariDataSource - HikariPool-1 - Shutdown initiated...
2025-11-13 23:39:27 INFO  [SpringApplicationShutdownHook] com.zaxxer.hikari.HikariDataSource - HikariPool-1 - Shutdown completed.
2025-11-13 23:43:50 INFO  [background-preinit] o.h.validator.internal.util.Version - HV000001: Hibernate Validator 6.2.5.Final
2025-11-13 23:43:50 INFO  [main] com.example.nutrition.Application - Starting Application using Java 1.8.0_411 on LAPTOP-TM45V2HJ with PID 232620 (E:\MobileInternet\Project\target\classes started by 33438 in E:\MobileInternet\Project)
2025-11-13 23:43:50 INFO  [main] com.example.nutrition.Application - No active profile set, falling back to 1 default profile: "default"
2025-11-13 23:43:51 INFO  [main] o.s.d.r.c.RepositoryConfigurationDelegate - Bootstrapping Spring Data JPA repositories in DEFAULT mode.
2025-11-13 23:43:51 INFO  [main] o.s.d.r.c.RepositoryConfigurationDelegate - Finished Spring Data repository scanning in 82 ms. Found 3 JPA repository interfaces.
2025-11-13 23:43:55 INFO  [main] o.s.b.w.e.tomcat.TomcatWebServer - Tomcat initialized with port(s): 8080 (http)
2025-11-13 23:43:55 INFO  [main] o.a.coyote.http11.Http11NioProtocol - Initializing ProtocolHandler ["http-nio-8080"]
2025-11-13 23:43:55 INFO  [main] o.a.catalina.core.StandardService - Starting service [Tomcat]
2025-11-13 23:43:55 INFO  [main] o.a.catalina.core.StandardEngine - Starting Servlet engine: [Apache Tomcat/9.0.83]
2025-11-13 23:43:55 INFO  [main] o.a.c.c.C.[Tomcat].[localhost].[/] - Initializing Spring embedded WebApplicationContext
2025-11-13 23:43:55 INFO  [main] o.s.b.w.s.c.ServletWebServerApplicationContext - Root WebApplicationContext: initialization completed in 5529 ms
2025-11-13 23:43:56 INFO  [main] com.zaxxer.hikari.HikariDataSource - HikariPool-1 - Starting...
2025-11-13 23:43:56 INFO  [main] com.zaxxer.hikari.HikariDataSource - HikariPool-1 - Start completed.
2025-11-13 23:43:56 INFO  [main] o.s.b.a.h.H2ConsoleAutoConfiguration - H2 console available at '/h2-console'. Database available at 'jdbc:h2:file:./data/db'
2025-11-13 23:43:56 INFO  [main] o.h.jpa.internal.util.LogHelper - HHH000204: Processing PersistenceUnitInfo [name: default]
2025-11-13 23:43:56 INFO  [main] org.hibernate.Version - HHH000412: Hibernate ORM core version 5.6.15.Final
2025-11-13 23:43:56 INFO  [main] o.h.annotations.common.Version - HCANN000001: Hibernate Commons Annotations {5.1.2.Final}
2025-11-13 23:43:57 INFO  [main] org.hibernate.dialect.Dialect - HHH000400: Using dialect: org.hibernate.dialect.H2Dialect
2025-11-13 23:43:58 INFO  [main] o.h.e.t.j.p.i.JtaPlatformInitiator - HHH000490: Using JtaPlatform implementation: [org.hibernate.engine.transaction.jta.platform.internal.NoJtaPlatform]
2025-11-13 23:43:58 INFO  [main] o.s.o.j.LocalContainerEntityManagerFactoryBean - Initialized JPA EntityManagerFactory for persistence unit 'default'
2025-11-13 23:43:59 INFO  [main] o.s.s.web.DefaultSecurityFilterChain - Will secure any request with [org.springframework.security.web.session.DisableEncodeUrlFilter@56872fcb, org.springframework.security.web.context.request.async.WebAsyncManagerIntegrationFilter@7b3c2ae0, org.springframework.security.web.context.SecurityContextPersistenceFilter@7ee64b53, org.springframework.security.web.header.HeaderWriterFilter@3fe8ad3f, org.springframework.security.web.authentication.logout.LogoutFilter@5fc1e4fb, com.example.nutrition.security.JwtAuthenticationFilter@4ebfb045, org.springframework.security.web.savedrequest.RequestCacheAwareFilter@7d126083, org.springframework.security.web.servletapi.SecurityContextHolderAwareRequestFilter@3a8fb023, org.springframework.security.web.authentication.AnonymousAuthenticationFilter@5d3b6585, org.springframework.security.web.session.SessionManagementFilter@76134b9b, org.springframework.security.web.access.ExceptionTranslationFilter@2d38db6f, org.springframework.security.web.access.intercept.FilterSecurityInterceptor@38cb1606]
2025-11-13 23:44:00 INFO  [main] o.s.b.a.e.web.EndpointLinksResolver - Exposing 6 endpoint(s) beneath base path '/actuator'
2025-11-13 23:44:00 INFO  [main] o.a.coyote.http11.Http11NioProtocol - Starting ProtocolHandler ["http-nio-8080"]
2025-11-13 23:44:00 INFO  [main] o.s.b.w.e.tomcat.TomcatWebServer - Tomcat started on port(s): 8080 (http) with context path ''
2025-11-13 23:44:00 INFO  [main] com.example.nutrition.Application - Started Application in 11.732 seconds (JVM running for 12.995)
2025-11-13 23:44:54 INFO  [http-nio-8080-exec-1] o.a.c.c.C.[Tomcat].[localhost].[/] - Initializing Spring DispatcherServlet 'dispatcherServlet'
2025-11-13 23:44:54 INFO  [http-nio-8080-exec-1] o.s.web.servlet.DispatcherServlet - Initializing Servlet 'dispatcherServlet'
2025-11-13 23:44:54 INFO  [http-nio-8080-exec-1] o.s.web.servlet.DispatcherServlet - Completed initialization in 3 ms
