2025-12-01 10:28:13 INFO  [background-preinit] o.h.validator.internal.util.Version - HV000001: Hibernate Validator 6.2.5.Final
2025-12-01 10:28:13 INFO  [main] com.example.nutrition.Application - Starting Application using Java 1.8.0_442 on BPeril with PID 32068 (E:\Grade3\MobileInternet\mobile-internet\BackEnd_Admin\target\classes started by BrownPeril in E:\Grade3\MobileInternet\mobile-internet\BackEnd_Admin)
2025-12-01 10:28:13 INFO  [main] com.example.nutrition.Application - No active profile set, falling back to 1 default profile: "default"
2025-12-01 10:28:13 INFO  [main] o.s.d.r.c.RepositoryConfigurationDelegate - Bootstrapping Spring Data JPA repositories in DEFAULT mode.
2025-12-01 10:28:13 INFO  [main] o.s.d.r.c.RepositoryConfigurationDelegate - Finished Spring Data repository scanning in 38 ms. Found 7 JPA repository interfaces.
2025-12-01 10:28:14 INFO  [main] o.s.b.w.e.tomcat.TomcatWebServer - Tomcat initialized with port(s): 8080 (http)
2025-12-01 10:28:14 INFO  [main] o.a.coyote.http11.Http11NioProtocol - Initializing ProtocolHandler ["http-nio-8080"]
2025-12-01 10:28:14 INFO  [main] o.a.catalina.core.StandardService - Starting service [Tomcat]
2025-12-01 10:28:14 INFO  [main] o.a.catalina.core.StandardEngine - Starting Servlet engine: [Apache Tomcat/9.0.83]
2025-12-01 10:28:14 INFO  [main] o.a.c.c.C.[Tomcat].[localhost].[/] - Initializing Spring embedded WebApplicationContext
2025-12-01 10:28:14 INFO  [main] o.s.b.w.s.c.ServletWebServerApplicationContext - Root WebApplicationContext: initialization completed in 1250 ms
2025-12-01 10:28:14 INFO  [main] com.zaxxer.hikari.HikariDataSource - HikariPool-1 - Starting...
2025-12-01 10:28:14 INFO  [main] com.zaxxer.hikari.HikariDataSource - HikariPool-1 - Start completed.
2025-12-01 10:28:14 INFO  [main] o.s.b.a.h.H2ConsoleAutoConfiguration - H2 console available at '/h2-console'. Database available at 'jdbc:h2:file:./data/db'
2025-12-01 10:28:14 INFO  [main] o.h.jpa.internal.util.LogHelper - HHH000204: Processing PersistenceUnitInfo [name: default]
2025-12-01 10:28:14 INFO  [main] org.hibernate.Version - HHH000412: Hibernate ORM core version 5.6.15.Final
2025-12-01 10:28:14 INFO  [main] o.h.annotations.common.Version - HCANN000001: Hibernate Commons Annotations {5.1.2.Final}
2025-12-01 10:28:14 INFO  [main] org.hibernate.dialect.Dialect - HHH000400: Using dialect: org.hibernate.dialect.H2Dialect
2025-12-01 10:28:15 INFO  [main] o.h.e.t.j.p.i.JtaPlatformInitiator - HHH000490: Using JtaPlatform implementation: [org.hibernate.engine.transaction.jta.platform.internal.NoJtaPlatform]
2025-12-01 10:28:15 INFO  [main] o.s.o.j.LocalContainerEntityManagerFactoryBean - Initialized JPA EntityManagerFactory for persistence unit 'default'
2025-12-01 10:28:16 INFO  [main] o.s.s.web.DefaultSecurityFilterChain - Will secure any request with [org.springframework.security.web.session.DisableEncodeUrlFilter@433b1597, org.springframework.security.web.context.request.async.WebAsyncManagerIntegrationFilter@5d5cd210, org.springframework.security.web.context.SecurityContextPersistenceFilter@495e8a3, org.springframework.security.web.header.HeaderWriterFilter@7e94de5f, org.springframework.security.web.authentication.logout.LogoutFilter@32069394, com.example.nutrition.security.JwtAuthenticationFilter@1b444b5, org.springframework.security.web.savedrequest.RequestCacheAwareFilter@6eded11a, org.springframework.security.web.servletapi.SecurityContextHolderAwareRequestFilter@4b511e61, org.springframework.security.web.authentication.AnonymousAuthenticationFilter@14d18029, org.springframework.security.web.session.SessionManagementFilter@3cf70afa, org.springframework.security.web.access.ExceptionTranslationFilter@51468039, org.springframework.security.web.access.intercept.FilterSecurityInterceptor@57920d6c]
2025-12-01 10:28:16 INFO  [main] o.s.b.a.e.web.EndpointLinksResolver - Exposing 6 endpoint(s) beneath base path '/actuator'
2025-12-01 10:28:16 INFO  [main] o.a.coyote.http11.Http11NioProtocol - Starting ProtocolHandler ["http-nio-8080"]
2025-12-01 10:28:16 INFO  [main] o.s.b.w.e.tomcat.TomcatWebServer - Tomcat started on port(s): 8080 (http) with context path ''
2025-12-01 10:28:16 INFO  [main] com.example.nutrition.Application - Started Application in 4.127 seconds (JVM running for 4.666)
2025-12-01 10:28:17 INFO  [main] c.e.nutrition.config.SecurityConfig - Starting to initialize default data...
2025-12-01 10:28:17 INFO  [main] c.e.nutrition.config.SecurityConfig - Initializing roles...
2025-12-01 10:28:17 INFO  [main] c.e.nutrition.config.SecurityConfig - Checking for admin user...
2025-12-01 10:28:17 INFO  [main] c.e.nutrition.config.SecurityConfig - Admin user already exists
2025-12-01 10:28:17 INFO  [main] c.e.nutrition.config.SecurityConfig - Default data initialization completed!
2025-12-01 10:28:17 INFO  [RMI TCP Connection(1)-10.4.29.154] o.a.c.c.C.[Tomcat].[localhost].[/] - Initializing Spring DispatcherServlet 'dispatcherServlet'
2025-12-01 10:28:17 INFO  [RMI TCP Connection(1)-10.4.29.154] o.s.web.servlet.DispatcherServlet - Initializing Servlet 'dispatcherServlet'
2025-12-01 10:28:17 INFO  [RMI TCP Connection(1)-10.4.29.154] o.s.web.servlet.DispatcherServlet - Completed initialization in 0 ms
2025-12-01 10:33:11 INFO  [SpringApplicationShutdownHook] o.s.o.j.LocalContainerEntityManagerFactoryBean - Closing JPA EntityManagerFactory for persistence unit 'default'
2025-12-01 10:33:11 INFO  [SpringApplicationShutdownHook] com.zaxxer.hikari.HikariDataSource - HikariPool-1 - Shutdown initiated...
2025-12-01 10:33:11 INFO  [SpringApplicationShutdownHook] com.zaxxer.hikari.HikariDataSource - HikariPool-1 - Shutdown completed.
2025-12-01 10:33:40 INFO  [background-preinit] o.h.validator.internal.util.Version - HV000001: Hibernate Validator 6.2.5.Final
2025-12-01 10:33:40 INFO  [main] com.example.nutrition.Application - Starting Application using Java 1.8.0_442 on BPeril with PID 30688 (E:\Grade3\MobileInternet\mobile-internet\BackEnd_Admin\target\classes started by BrownPeril in E:\Grade3\MobileInternet\mobile-internet\BackEnd_Admin)
2025-12-01 10:33:40 INFO  [main] com.example.nutrition.Application - No active profile set, falling back to 1 default profile: "default"
2025-12-01 10:33:41 INFO  [main] o.s.d.r.c.RepositoryConfigurationDelegate - Bootstrapping Spring Data JPA repositories in DEFAULT mode.
2025-12-01 10:33:41 INFO  [main] o.s.d.r.c.RepositoryConfigurationDelegate - Finished Spring Data repository scanning in 35 ms. Found 7 JPA repository interfaces.
2025-12-01 10:33:41 INFO  [main] o.s.b.w.e.tomcat.TomcatWebServer - Tomcat initialized with port(s): 8080 (http)
2025-12-01 10:33:41 INFO  [main] o.a.coyote.http11.Http11NioProtocol - Initializing ProtocolHandler ["http-nio-8080"]
2025-12-01 10:33:41 INFO  [main] o.a.catalina.core.StandardService - Starting service [Tomcat]
2025-12-01 10:33:41 INFO  [main] o.a.catalina.core.StandardEngine - Starting Servlet engine: [Apache Tomcat/9.0.83]
2025-12-01 10:33:41 INFO  [main] o.a.c.c.C.[Tomcat].[localhost].[/] - Initializing Spring embedded WebApplicationContext
2025-12-01 10:33:41 INFO  [main] o.s.b.w.s.c.ServletWebServerApplicationContext - Root WebApplicationContext: initialization completed in 1001 ms
2025-12-01 10:33:41 INFO  [main] com.zaxxer.hikari.HikariDataSource - HikariPool-1 - Starting...
2025-12-01 10:33:41 INFO  [main] com.zaxxer.hikari.HikariDataSource - HikariPool-1 - Start completed.
2025-12-01 10:33:41 INFO  [main] o.s.b.a.h.H2ConsoleAutoConfiguration - H2 console available at '/h2-console'. Database available at 'jdbc:h2:file:./data/db'
2025-12-01 10:33:41 INFO  [main] o.h.jpa.internal.util.LogHelper - HHH000204: Processing PersistenceUnitInfo [name: default]
2025-12-01 10:33:42 INFO  [main] org.hibernate.Version - HHH000412: Hibernate ORM core version 5.6.15.Final
2025-12-01 10:33:42 INFO  [main] o.h.annotations.common.Version - HCANN000001: Hibernate Commons Annotations {5.1.2.Final}
2025-12-01 10:33:42 INFO  [main] org.hibernate.dialect.Dialect - HHH000400: Using dialect: org.hibernate.dialect.H2Dialect
2025-12-01 10:33:42 INFO  [main] o.h.e.t.j.p.i.JtaPlatformInitiator - HHH000490: Using JtaPlatform implementation: [org.hibernate.engine.transaction.jta.platform.internal.NoJtaPlatform]
2025-12-01 10:33:42 INFO  [main] o.s.o.j.LocalContainerEntityManagerFactoryBean - Initialized JPA EntityManagerFactory for persistence unit 'default'
2025-12-01 10:33:43 INFO  [main] o.s.s.web.DefaultSecurityFilterChain - Will secure any request with [org.springframework.security.web.session.DisableEncodeUrlFilter@4ff0706c, org.springframework.security.web.context.request.async.WebAsyncManagerIntegrationFilter@6968bb65, org.springframework.security.web.context.SecurityContextPersistenceFilter@70421a08, org.springframework.security.web.header.HeaderWriterFilter@215a0264, org.springframework.security.web.authentication.logout.LogoutFilter@1c8e2850, com.example.nutrition.security.JwtAuthenticationFilter@4ab455e2, org.springframework.security.web.savedrequest.RequestCacheAwareFilter@bea5941, org.springframework.security.web.servletapi.SecurityContextHolderAwareRequestFilter@6d842877, org.springframework.security.web.authentication.AnonymousAuthenticationFilter@66682e8f, org.springframework.security.web.session.SessionManagementFilter@351c6341, org.springframework.security.web.access.ExceptionTranslationFilter@3063be68, org.springframework.security.web.access.intercept.FilterSecurityInterceptor@785ef70f]
2025-12-01 10:33:43 INFO  [main] o.s.b.a.e.web.EndpointLinksResolver - Exposing 6 endpoint(s) beneath base path '/actuator'
2025-12-01 10:33:43 INFO  [main] o.a.coyote.http11.Http11NioProtocol - Starting ProtocolHandler ["http-nio-8080"]
2025-12-01 10:33:43 INFO  [main] o.s.b.w.e.tomcat.TomcatWebServer - Tomcat started on port(s): 8080 (http) with context path ''
2025-12-01 10:33:43 INFO  [main] com.example.nutrition.Application - Started Application in 3.284 seconds (JVM running for 3.804)
2025-12-01 10:33:43 INFO  [main] c.e.nutrition.config.SecurityConfig - Starting to initialize default data...
2025-12-01 10:33:43 INFO  [main] c.e.nutrition.config.SecurityConfig - Initializing roles...
2025-12-01 10:33:43 INFO  [main] c.e.nutrition.config.SecurityConfig - Checking for admin user...
2025-12-01 10:33:43 INFO  [main] c.e.nutrition.config.SecurityConfig - Admin user already exists
2025-12-01 10:33:43 INFO  [main] c.e.nutrition.config.SecurityConfig - Default data initialization completed!
2025-12-01 10:33:44 INFO  [RMI TCP Connection(2)-10.4.29.154] o.a.c.c.C.[Tomcat].[localhost].[/] - Initializing Spring DispatcherServlet 'dispatcherServlet'
2025-12-01 10:33:44 INFO  [RMI TCP Connection(2)-10.4.29.154] o.s.web.servlet.DispatcherServlet - Initializing Servlet 'dispatcherServlet'
2025-12-01 10:33:44 INFO  [RMI TCP Connection(2)-10.4.29.154] o.s.web.servlet.DispatcherServlet - Completed initialization in 1 ms
2025-12-01 11:17:36 INFO  [SpringApplicationShutdownHook] o.s.o.j.LocalContainerEntityManagerFactoryBean - Closing JPA EntityManagerFactory for persistence unit 'default'
2025-12-01 11:17:36 INFO  [SpringApplicationShutdownHook] com.zaxxer.hikari.HikariDataSource - HikariPool-1 - Shutdown initiated...
2025-12-01 11:17:36 INFO  [SpringApplicationShutdownHook] com.zaxxer.hikari.HikariDataSource - HikariPool-1 - Shutdown completed.
2025-12-01 11:18:25 INFO  [main] com.example.nutrition.Application - Starting Application using Java 1.8.0_442 on BPeril with PID 28472 (E:\Grade3\MobileInternet\mobile-internet\BackEnd_Admin\target\classes started by BrownPeril in E:\Grade3\MobileInternet\mobile-internet\BackEnd_Admin)
2025-12-01 11:18:25 INFO  [background-preinit] o.h.validator.internal.util.Version - HV000001: Hibernate Validator 6.2.5.Final
2025-12-01 11:18:25 INFO  [main] com.example.nutrition.Application - No active profile set, falling back to 1 default profile: "default"
2025-12-01 11:18:26 INFO  [main] o.s.d.r.c.RepositoryConfigurationDelegate - Bootstrapping Spring Data JPA repositories in DEFAULT mode.
2025-12-01 11:18:26 INFO  [main] o.s.d.r.c.RepositoryConfigurationDelegate - Finished Spring Data repository scanning in 34 ms. Found 7 JPA repository interfaces.
2025-12-01 11:18:26 INFO  [main] o.s.b.w.e.tomcat.TomcatWebServer - Tomcat initialized with port(s): 8080 (http)
2025-12-01 11:18:26 INFO  [main] o.a.coyote.http11.Http11NioProtocol - Initializing ProtocolHandler ["http-nio-8080"]
2025-12-01 11:18:26 INFO  [main] o.a.catalina.core.StandardService - Starting service [Tomcat]
2025-12-01 11:18:26 INFO  [main] o.a.catalina.core.StandardEngine - Starting Servlet engine: [Apache Tomcat/9.0.83]
2025-12-01 11:18:27 INFO  [main] o.a.c.c.C.[Tomcat].[localhost].[/] - Initializing Spring embedded WebApplicationContext
2025-12-01 11:18:27 INFO  [main] o.s.b.w.s.c.ServletWebServerApplicationContext - Root WebApplicationContext: initialization completed in 1465 ms
2025-12-01 11:18:27 INFO  [main] com.zaxxer.hikari.HikariDataSource - HikariPool-1 - Starting...
2025-12-01 11:18:27 INFO  [main] com.zaxxer.hikari.HikariDataSource - HikariPool-1 - Start completed.
2025-12-01 11:18:27 INFO  [main] o.s.b.a.h.H2ConsoleAutoConfiguration - H2 console available at '/h2-console'. Database available at 'jdbc:h2:file:./data/db'
2025-12-01 11:18:27 INFO  [main] o.h.jpa.internal.util.LogHelper - HHH000204: Processing PersistenceUnitInfo [name: default]
2025-12-01 11:18:27 INFO  [main] org.hibernate.Version - HHH000412: Hibernate ORM core version 5.6.15.Final
2025-12-01 11:18:27 INFO  [main] o.h.annotations.common.Version - HCANN000001: Hibernate Commons Annotations {5.1.2.Final}
2025-12-01 11:18:27 INFO  [main] org.hibernate.dialect.Dialect - HHH000400: Using dialect: org.hibernate.dialect.H2Dialect
2025-12-01 11:18:28 INFO  [main] o.h.e.t.j.p.i.JtaPlatformInitiator - HHH000490: Using JtaPlatform implementation: [org.hibernate.engine.transaction.jta.platform.internal.NoJtaPlatform]
2025-12-01 11:18:28 INFO  [main] o.s.o.j.LocalContainerEntityManagerFactoryBean - Initialized JPA EntityManagerFactory for persistence unit 'default'
2025-12-01 11:18:28 INFO  [main] o.s.s.web.DefaultSecurityFilterChain - Will secure any request with [org.springframework.security.web.session.DisableEncodeUrlFilter@69ab2d6a, org.springframework.security.web.context.request.async.WebAsyncManagerIntegrationFilter@505a8582, org.springframework.security.web.context.SecurityContextPersistenceFilter@291cbe70, org.springframework.security.web.header.HeaderWriterFilter@74231642, org.springframework.security.web.authentication.logout.LogoutFilter@5de335cf, com.example.nutrition.security.JwtAuthenticationFilter@70d687b8, org.springframework.security.web.savedrequest.RequestCacheAwareFilter@225ddf5f, org.springframework.security.web.servletapi.SecurityContextHolderAwareRequestFilter@1d654b5f, org.springframework.security.web.authentication.AnonymousAuthenticationFilter@57afe44b, org.springframework.security.web.session.SessionManagementFilter@57b3d869, org.springframework.security.web.access.ExceptionTranslationFilter@25f14e93, org.springframework.security.web.access.intercept.FilterSecurityInterceptor@34fc315d]
2025-12-01 11:18:29 INFO  [main] o.s.b.a.e.web.EndpointLinksResolver - Exposing 6 endpoint(s) beneath base path '/actuator'
2025-12-01 11:18:29 INFO  [main] o.a.coyote.http11.Http11NioProtocol - Starting ProtocolHandler ["http-nio-8080"]
2025-12-01 11:18:29 INFO  [main] o.s.b.w.e.tomcat.TomcatWebServer - Tomcat started on port(s): 8080 (http) with context path ''
2025-12-01 11:18:29 INFO  [main] com.example.nutrition.Application - Started Application in 3.978 seconds (JVM running for 4.48)
2025-12-01 11:18:29 INFO  [main] c.e.nutrition.config.SecurityConfig - Starting to initialize default data...
2025-12-01 11:18:29 INFO  [main] c.e.nutrition.config.SecurityConfig - Initializing roles...
2025-12-01 11:18:29 INFO  [main] c.e.nutrition.config.SecurityConfig - Checking for admin user...
2025-12-01 11:18:29 INFO  [main] c.e.nutrition.config.SecurityConfig - Admin user already exists
2025-12-01 11:18:29 INFO  [main] c.e.nutrition.config.SecurityConfig - Default data initialization completed!
2025-12-01 11:18:30 INFO  [RMI TCP Connection(4)-10.4.29.154] o.a.c.c.C.[Tomcat].[localhost].[/] - Initializing Spring DispatcherServlet 'dispatcherServlet'
2025-12-01 11:18:30 INFO  [RMI TCP Connection(4)-10.4.29.154] o.s.web.servlet.DispatcherServlet - Initializing Servlet 'dispatcherServlet'
2025-12-01 11:18:30 INFO  [RMI TCP Connection(4)-10.4.29.154] o.s.web.servlet.DispatcherServlet - Completed initialization in 1 ms
2025-12-01 12:22:05 INFO  [SpringApplicationShutdownHook] o.s.o.j.LocalContainerEntityManagerFactoryBean - Closing JPA EntityManagerFactory for persistence unit 'default'
2025-12-01 12:22:05 INFO  [SpringApplicationShutdownHook] com.zaxxer.hikari.HikariDataSource - HikariPool-1 - Shutdown initiated...
2025-12-01 12:22:05 INFO  [SpringApplicationShutdownHook] com.zaxxer.hikari.HikariDataSource - HikariPool-1 - Shutdown completed.
2025-12-01 18:52:29 INFO  [background-preinit] o.h.validator.internal.util.Version - HV000001: Hibernate Validator 6.2.5.Final
2025-12-01 18:52:29 INFO  [main] com.example.nutrition.Application - Starting Application using Java 22.0.1 on BPeril with PID 25372 (E:\Grade3\MobileInternet\mobile-internet\BackEnd_Admin\target\classes started by BrownPeril in E:\Grade3\MobileInternet\mobile-internet\BackEnd_Admin)
2025-12-01 18:52:29 INFO  [main] com.example.nutrition.Application - No active profile set, falling back to 1 default profile: "default"
2025-12-01 18:52:30 INFO  [main] o.s.d.r.c.RepositoryConfigurationDelegate - Bootstrapping Spring Data JPA repositories in DEFAULT mode.
2025-12-01 18:52:30 INFO  [main] o.s.d.r.c.RepositoryConfigurationDelegate - Finished Spring Data repository scanning in 37 ms. Found 7 JPA repository interfaces.
2025-12-01 18:52:31 INFO  [main] o.s.b.w.e.tomcat.TomcatWebServer - Tomcat initialized with port(s): 8080 (http)
2025-12-01 18:52:31 INFO  [main] o.a.coyote.http11.Http11NioProtocol - Initializing ProtocolHandler ["http-nio-8080"]
2025-12-01 18:52:31 INFO  [main] o.a.catalina.core.StandardService - Starting service [Tomcat]
2025-12-01 18:52:31 INFO  [main] o.a.catalina.core.StandardEngine - Starting Servlet engine: [Apache Tomcat/9.0.83]
2025-12-01 18:52:31 INFO  [main] o.a.c.c.C.[Tomcat].[localhost].[/] - Initializing Spring embedded WebApplicationContext
2025-12-01 18:52:31 INFO  [main] o.s.b.w.s.c.ServletWebServerApplicationContext - Root WebApplicationContext: initialization completed in 1457 ms
2025-12-01 18:52:31 INFO  [main] com.zaxxer.hikari.HikariDataSource - HikariPool-1 - Starting...
2025-12-01 18:52:31 INFO  [main] com.zaxxer.hikari.HikariDataSource - HikariPool-1 - Start completed.
2025-12-01 18:52:31 INFO  [main] o.s.b.a.h.H2ConsoleAutoConfiguration - H2 console available at '/h2-console'. Database available at 'jdbc:h2:file:./data/db'
2025-12-01 18:52:31 INFO  [main] o.h.jpa.internal.util.LogHelper - HHH000204: Processing PersistenceUnitInfo [name: default]
2025-12-01 18:52:31 INFO  [main] org.hibernate.Version - HHH000412: Hibernate ORM core version 5.6.15.Final
2025-12-01 18:52:31 INFO  [main] o.h.annotations.common.Version - HCANN000001: Hibernate Commons Annotations {5.1.2.Final}
2025-12-01 18:52:31 INFO  [main] org.hibernate.dialect.Dialect - HHH000400: Using dialect: org.hibernate.dialect.H2Dialect
2025-12-01 18:52:32 INFO  [main] o.h.e.t.j.p.i.JtaPlatformInitiator - HHH000490: Using JtaPlatform implementation: [org.hibernate.engine.transaction.jta.platform.internal.NoJtaPlatform]
2025-12-01 18:52:32 INFO  [main] o.s.o.j.LocalContainerEntityManagerFactoryBean - Initialized JPA EntityManagerFactory for persistence unit 'default'
2025-12-01 18:52:33 INFO  [main] o.s.s.web.DefaultSecurityFilterChain - Will secure any request with [org.springframework.security.web.session.DisableEncodeUrlFilter@49318c2a, org.springframework.security.web.context.request.async.WebAsyncManagerIntegrationFilter@17adbecf, org.springframework.security.web.context.SecurityContextPersistenceFilter@776b7fa2, org.springframework.security.web.header.HeaderWriterFilter@5ce7ab6f, org.springframework.security.web.authentication.logout.LogoutFilter@786de0a3, com.example.nutrition.security.JwtAuthenticationFilter@33997e07, org.springframework.security.web.savedrequest.RequestCacheAwareFilter@6d76aa05, org.springframework.security.web.servletapi.SecurityContextHolderAwareRequestFilter@2403c1c5, org.springframework.security.web.authentication.AnonymousAuthenticationFilter@59eb987a, org.springframework.security.web.session.SessionManagementFilter@2e7cd4bb, org.springframework.security.web.access.ExceptionTranslationFilter@2fccfcdb, org.springframework.security.web.access.intercept.FilterSecurityInterceptor@78b293a]
2025-12-01 18:52:33 INFO  [main] o.s.b.a.e.web.EndpointLinksResolver - Exposing 6 endpoint(s) beneath base path '/actuator'
2025-12-01 18:52:33 INFO  [main] o.a.coyote.http11.Http11NioProtocol - Starting ProtocolHandler ["http-nio-8080"]
2025-12-01 18:52:33 INFO  [main] o.s.b.w.e.tomcat.TomcatWebServer - Tomcat started on port(s): 8080 (http) with context path ''
2025-12-01 18:52:33 INFO  [main] com.example.nutrition.Application - Started Application in 4.149 seconds (JVM running for 4.564)
2025-12-01 18:52:33 INFO  [main] c.e.nutrition.config.SecurityConfig - Starting to initialize default data...
2025-12-01 18:52:33 INFO  [main] c.e.nutrition.config.SecurityConfig - Initializing roles...
2025-12-01 18:52:33 INFO  [main] c.e.nutrition.config.SecurityConfig - Checking for admin user...
2025-12-01 18:52:33 INFO  [main] c.e.nutrition.config.SecurityConfig - Admin user already exists
2025-12-01 18:52:33 INFO  [main] c.e.nutrition.config.SecurityConfig - Default data initialization completed!
2025-12-01 18:52:33 INFO  [RMI TCP Connection(2)-10.4.29.154] o.a.c.c.C.[Tomcat].[localhost].[/] - Initializing Spring DispatcherServlet 'dispatcherServlet'
2025-12-01 18:52:33 INFO  [RMI TCP Connection(2)-10.4.29.154] o.s.web.servlet.DispatcherServlet - Initializing Servlet 'dispatcherServlet'
2025-12-01 18:52:33 INFO  [RMI TCP Connection(2)-10.4.29.154] o.s.web.servlet.DispatcherServlet - Completed initialization in 1 ms
2025-12-01 20:48:53 INFO  [SpringApplicationShutdownHook] o.s.o.j.LocalContainerEntityManagerFactoryBean - Closing JPA EntityManagerFactory for persistence unit 'default'
2025-12-01 20:48:53 INFO  [SpringApplicationShutdownHook] com.zaxxer.hikari.HikariDataSource - HikariPool-1 - Shutdown initiated...
2025-12-01 20:48:53 INFO  [SpringApplicationShutdownHook] com.zaxxer.hikari.HikariDataSource - HikariPool-1 - Shutdown completed.
2025-12-01 20:51:57 INFO  [background-preinit] o.h.validator.internal.util.Version - HV000001: Hibernate Validator 6.2.5.Final
2025-12-01 20:51:57 INFO  [main] com.example.nutrition.Application - Starting Application using Java 1.8.0_442 on BPeril with PID 28148 (E:\Grade3\MobileInternet\mobile-internet\BackEnd_Admin\target\classes started by BrownPeril in E:\Grade3\MobileInternet\mobile-internet\BackEnd_Admin)
2025-12-01 20:51:57 INFO  [main] com.example.nutrition.Application - No active profile set, falling back to 1 default profile: "default"
2025-12-01 20:51:58 INFO  [main] o.s.d.r.c.RepositoryConfigurationDelegate - Bootstrapping Spring Data JPA repositories in DEFAULT mode.
2025-12-01 20:51:58 INFO  [main] o.s.d.r.c.RepositoryConfigurationDelegate - Finished Spring Data repository scanning in 33 ms. Found 7 JPA repository interfaces.
2025-12-01 20:51:58 INFO  [main] o.s.b.w.e.tomcat.TomcatWebServer - Tomcat initialized with port(s): 8080 (http)
2025-12-01 20:51:58 INFO  [main] o.a.coyote.http11.Http11NioProtocol - Initializing ProtocolHandler ["http-nio-8080"]
2025-12-01 20:51:58 INFO  [main] o.a.catalina.core.StandardService - Starting service [Tomcat]
2025-12-01 20:51:58 INFO  [main] o.a.catalina.core.StandardEngine - Starting Servlet engine: [Apache Tomcat/9.0.83]
2025-12-01 20:51:59 INFO  [main] o.a.c.c.C.[Tomcat].[localhost].[/] - Initializing Spring embedded WebApplicationContext
2025-12-01 20:51:59 INFO  [main] o.s.b.w.s.c.ServletWebServerApplicationContext - Root WebApplicationContext: initialization completed in 1703 ms
2025-12-01 20:51:59 INFO  [main] com.zaxxer.hikari.HikariDataSource - HikariPool-1 - Starting...
2025-12-01 20:51:59 INFO  [main] com.zaxxer.hikari.HikariDataSource - HikariPool-1 - Start completed.
2025-12-01 20:51:59 INFO  [main] o.s.b.a.h.H2ConsoleAutoConfiguration - H2 console available at '/h2-console'. Database available at 'jdbc:h2:file:./data/db'
2025-12-01 20:51:59 INFO  [main] o.h.jpa.internal.util.LogHelper - HHH000204: Processing PersistenceUnitInfo [name: default]
2025-12-01 20:51:59 INFO  [main] org.hibernate.Version - HHH000412: Hibernate ORM core version 5.6.15.Final
2025-12-01 20:51:59 INFO  [main] o.h.annotations.common.Version - HCANN000001: Hibernate Commons Annotations {5.1.2.Final}
2025-12-01 20:51:59 INFO  [main] org.hibernate.dialect.Dialect - HHH000400: Using dialect: org.hibernate.dialect.H2Dialect
2025-12-01 20:52:00 INFO  [main] o.h.e.t.j.p.i.JtaPlatformInitiator - HHH000490: Using JtaPlatform implementation: [org.hibernate.engine.transaction.jta.platform.internal.NoJtaPlatform]
2025-12-01 20:52:00 INFO  [main] o.s.o.j.LocalContainerEntityManagerFactoryBean - Initialized JPA EntityManagerFactory for persistence unit 'default'
2025-12-01 20:52:00 INFO  [main] o.s.s.web.DefaultSecurityFilterChain - Will secure any request with [org.springframework.security.web.session.DisableEncodeUrlFilter@34f48d1, org.springframework.security.web.context.request.async.WebAsyncManagerIntegrationFilter@36a1fd20, org.springframework.security.web.context.SecurityContextPersistenceFilter@166ddfb7, org.springframework.security.web.header.HeaderWriterFilter@25f14e93, org.springframework.security.web.authentication.logout.LogoutFilter@602a3237, com.example.nutrition.security.JwtAuthenticationFilter@70d687b8, org.springframework.security.web.savedrequest.RequestCacheAwareFilter@57b3d869, org.springframework.security.web.servletapi.SecurityContextHolderAwareRequestFilter@291cbe70, org.springframework.security.web.authentication.AnonymousAuthenticationFilter@45f8415b, org.springframework.security.web.session.SessionManagementFilter@4888425d, org.springframework.security.web.access.ExceptionTranslationFilter@c6c84fa, org.springframework.security.web.access.intercept.FilterSecurityInterceptor@99223ac]
2025-12-01 20:52:01 INFO  [main] o.s.b.a.e.web.EndpointLinksResolver - Exposing 6 endpoint(s) beneath base path '/actuator'
2025-12-01 20:52:01 INFO  [main] o.a.coyote.http11.Http11NioProtocol - Starting ProtocolHandler ["http-nio-8080"]
2025-12-01 20:52:01 INFO  [main] o.s.b.w.e.tomcat.TomcatWebServer - Tomcat started on port(s): 8080 (http) with context path ''
2025-12-01 20:52:01 INFO  [main] com.example.nutrition.Application - Started Application in 4.389 seconds (JVM running for 4.965)
2025-12-01 20:52:01 INFO  [main] c.e.nutrition.config.SecurityConfig - Starting to initialize default data...
2025-12-01 20:52:01 INFO  [main] c.e.nutrition.config.SecurityConfig - Initializing roles...
2025-12-01 20:52:01 INFO  [main] c.e.nutrition.config.SecurityConfig - Checking for admin user...
2025-12-01 20:52:01 INFO  [main] c.e.nutrition.config.SecurityConfig - Admin user already exists
2025-12-01 20:52:01 INFO  [main] c.e.nutrition.config.SecurityConfig - Default data initialization completed!
2025-12-01 20:52:01 INFO  [RMI TCP Connection(1)-10.4.29.154] o.a.c.c.C.[Tomcat].[localhost].[/] - Initializing Spring DispatcherServlet 'dispatcherServlet'
2025-12-01 20:52:01 INFO  [RMI TCP Connection(1)-10.4.29.154] o.s.web.servlet.DispatcherServlet - Initializing Servlet 'dispatcherServlet'
2025-12-01 20:52:01 INFO  [RMI TCP Connection(1)-10.4.29.154] o.s.web.servlet.DispatcherServlet - Completed initialization in 1 ms
2025-12-01 21:40:02 INFO  [SpringApplicationShutdownHook] o.s.o.j.LocalContainerEntityManagerFactoryBean - Closing JPA EntityManagerFactory for persistence unit 'default'
2025-12-01 21:40:02 INFO  [SpringApplicationShutdownHook] com.zaxxer.hikari.HikariDataSource - HikariPool-1 - Shutdown initiated...
2025-12-01 21:40:02 INFO  [SpringApplicationShutdownHook] com.zaxxer.hikari.HikariDataSource - HikariPool-1 - Shutdown completed.
2025-12-03 19:08:00 INFO  [main] com.example.nutrition.Application - Starting Application using Java 1.8.0_442 on BPeril with PID 5292 (E:\mobile-internet\BackEnd_Admin\target\classes started by BrownPeril in E:\mobile-internet\BackEnd_Admin)
2025-12-03 19:08:00 INFO  [background-preinit] o.h.validator.internal.util.Version - HV000001: Hibernate Validator 6.2.5.Final
2025-12-03 19:08:00 INFO  [main] com.example.nutrition.Application - No active profile set, falling back to 1 default profile: "default"
2025-12-03 19:08:00 INFO  [main] o.s.d.r.c.RepositoryConfigurationDelegate - Bootstrapping Spring Data JPA repositories in DEFAULT mode.
2025-12-03 19:08:00 INFO  [main] o.s.d.r.c.RepositoryConfigurationDelegate - Finished Spring Data repository scanning in 36 ms. Found 7 JPA repository interfaces.
2025-12-03 19:08:01 INFO  [main] o.s.b.w.e.tomcat.TomcatWebServer - Tomcat initialized with port(s): 8080 (http)
2025-12-03 19:08:01 INFO  [main] o.a.coyote.http11.Http11NioProtocol - Initializing ProtocolHandler ["http-nio-8080"]
2025-12-03 19:08:01 INFO  [main] o.a.catalina.core.StandardService - Starting service [Tomcat]
2025-12-03 19:08:01 INFO  [main] o.a.catalina.core.StandardEngine - Starting Servlet engine: [Apache Tomcat/9.0.83]
2025-12-03 19:08:01 INFO  [main] o.a.c.c.C.[Tomcat].[localhost].[/] - Initializing Spring embedded WebApplicationContext
2025-12-03 19:08:01 INFO  [main] o.s.b.w.s.c.ServletWebServerApplicationContext - Root WebApplicationContext: initialization completed in 1102 ms
2025-12-03 19:08:01 INFO  [main] com.zaxxer.hikari.HikariDataSource - HikariPool-1 - Starting...
2025-12-03 19:08:01 INFO  [main] com.zaxxer.hikari.HikariDataSource - HikariPool-1 - Start completed.
2025-12-03 19:08:01 INFO  [main] o.s.b.a.h.H2ConsoleAutoConfiguration - H2 console available at '/h2-console'. Database available at 'jdbc:h2:file:./data/db'
2025-12-03 19:08:01 INFO  [main] o.h.jpa.internal.util.LogHelper - HHH000204: Processing PersistenceUnitInfo [name: default]
2025-12-03 19:08:01 INFO  [main] org.hibernate.Version - HHH000412: Hibernate ORM core version 5.6.15.Final
2025-12-03 19:08:01 INFO  [main] o.h.annotations.common.Version - HCANN000001: Hibernate Commons Annotations {5.1.2.Final}
2025-12-03 19:08:01 INFO  [main] org.hibernate.dialect.Dialect - HHH000400: Using dialect: org.hibernate.dialect.H2Dialect
2025-12-03 19:08:02 INFO  [main] o.h.e.t.j.p.i.JtaPlatformInitiator - HHH000490: Using JtaPlatform implementation: [org.hibernate.engine.transaction.jta.platform.internal.NoJtaPlatform]
2025-12-03 19:08:02 INFO  [main] o.s.o.j.LocalContainerEntityManagerFactoryBean - Initialized JPA EntityManagerFactory for persistence unit 'default'
2025-12-03 19:08:03 INFO  [main] o.s.s.web.DefaultSecurityFilterChain - Will secure any request with [org.springframework.security.web.session.DisableEncodeUrlFilter@433b1597, org.springframework.security.web.context.request.async.WebAsyncManagerIntegrationFilter@5d5cd210, org.springframework.security.web.context.SecurityContextPersistenceFilter@495e8a3, org.springframework.security.web.header.HeaderWriterFilter@7e94de5f, org.springframework.security.web.authentication.logout.LogoutFilter@32069394, com.example.nutrition.security.JwtAuthenticationFilter@391d28ea, org.springframework.security.web.savedrequest.RequestCacheAwareFilter@6eded11a, org.springframework.security.web.servletapi.SecurityContextHolderAwareRequestFilter@4b511e61, org.springframework.security.web.authentication.AnonymousAuthenticationFilter@14d18029, org.springframework.security.web.session.SessionManagementFilter@3cf70afa, org.springframework.security.web.access.ExceptionTranslationFilter@51468039, org.springframework.security.web.access.intercept.FilterSecurityInterceptor@57920d6c]
2025-12-03 19:08:03 INFO  [main] o.s.b.a.e.web.EndpointLinksResolver - Exposing 6 endpoint(s) beneath base path '/actuator'
2025-12-03 19:08:03 INFO  [main] o.a.coyote.http11.Http11NioProtocol - Starting ProtocolHandler ["http-nio-8080"]
2025-12-03 19:08:03 INFO  [main] o.s.b.w.e.tomcat.TomcatWebServer - Tomcat started on port(s): 8080 (http) with context path ''
2025-12-03 19:08:03 INFO  [main] com.example.nutrition.Application - Started Application in 3.532 seconds (JVM running for 4.077)
2025-12-03 19:08:03 INFO  [main] c.e.nutrition.config.SecurityConfig - Starting to initialize default data...
2025-12-03 19:08:03 INFO  [main] c.e.nutrition.config.SecurityConfig - Initializing roles...
2025-12-03 19:08:03 INFO  [main] c.e.nutrition.config.SecurityConfig - Checking for admin user...
2025-12-03 19:08:03 INFO  [main] c.e.nutrition.config.SecurityConfig - Admin user already exists
2025-12-03 19:08:03 INFO  [main] c.e.nutrition.config.SecurityConfig - Default data initialization completed!
2025-12-03 19:08:03 INFO  [RMI TCP Connection(2)-10.6.1.83] o.a.c.c.C.[Tomcat].[localhost].[/] - Initializing Spring DispatcherServlet 'dispatcherServlet'
2025-12-03 19:08:03 INFO  [RMI TCP Connection(2)-10.6.1.83] o.s.web.servlet.DispatcherServlet - Initializing Servlet 'dispatcherServlet'
2025-12-03 19:08:03 INFO  [RMI TCP Connection(2)-10.6.1.83] o.s.web.servlet.DispatcherServlet - Completed initialization in 1 ms
2025-12-03 19:08:06 INFO  [SpringApplicationShutdownHook] o.s.o.j.LocalContainerEntityManagerFactoryBean - Closing JPA EntityManagerFactory for persistence unit 'default'
2025-12-03 19:08:06 INFO  [SpringApplicationShutdownHook] com.zaxxer.hikari.HikariDataSource - HikariPool-1 - Shutdown initiated...
2025-12-03 19:08:06 INFO  [SpringApplicationShutdownHook] com.zaxxer.hikari.HikariDataSource - HikariPool-1 - Shutdown completed.
2025-12-03 19:18:31 INFO  [background-preinit] o.h.validator.internal.util.Version - HV000001: Hibernate Validator 6.2.5.Final
2025-12-03 19:18:31 INFO  [main] com.example.nutrition.Application - Starting Application using Java 1.8.0_442 on BPeril with PID 28564 (E:\Grade3\MobileInternet\mobile-internet\BackEnd_Admin\target\classes started by BrownPeril in E:\Grade3\MobileInternet\mobile-internet\BackEnd_Admin)
2025-12-03 19:18:31 INFO  [main] com.example.nutrition.Application - No active profile set, falling back to 1 default profile: "default"
2025-12-03 19:18:32 INFO  [main] o.s.d.r.c.RepositoryConfigurationDelegate - Bootstrapping Spring Data JPA repositories in DEFAULT mode.
2025-12-03 19:18:32 INFO  [main] o.s.d.r.c.RepositoryConfigurationDelegate - Finished Spring Data repository scanning in 35 ms. Found 7 JPA repository interfaces.
2025-12-03 19:18:32 INFO  [main] o.s.b.w.e.tomcat.TomcatWebServer - Tomcat initialized with port(s): 8080 (http)
2025-12-03 19:18:32 INFO  [main] o.a.coyote.http11.Http11NioProtocol - Initializing ProtocolHandler ["http-nio-8080"]
2025-12-03 19:18:32 INFO  [main] o.a.catalina.core.StandardService - Starting service [Tomcat]
2025-12-03 19:18:32 INFO  [main] o.a.catalina.core.StandardEngine - Starting Servlet engine: [Apache Tomcat/9.0.83]
2025-12-03 19:18:32 INFO  [main] o.a.c.c.C.[Tomcat].[localhost].[/] - Initializing Spring embedded WebApplicationContext
2025-12-03 19:18:32 INFO  [main] o.s.b.w.s.c.ServletWebServerApplicationContext - Root WebApplicationContext: initialization completed in 1405 ms
2025-12-03 19:18:32 INFO  [main] com.zaxxer.hikari.HikariDataSource - HikariPool-1 - Starting...
2025-12-03 19:18:32 INFO  [main] com.zaxxer.hikari.HikariDataSource - HikariPool-1 - Start completed.
2025-12-03 19:18:32 INFO  [main] o.s.b.a.h.H2ConsoleAutoConfiguration - H2 console available at '/h2-console'. Database available at 'jdbc:h2:file:./data/db'
2025-12-03 19:18:32 INFO  [main] o.h.jpa.internal.util.LogHelper - HHH000204: Processing PersistenceUnitInfo [name: default]
2025-12-03 19:18:32 INFO  [main] org.hibernate.Version - HHH000412: Hibernate ORM core version 5.6.15.Final
2025-12-03 19:18:32 INFO  [main] o.h.annotations.common.Version - HCANN000001: Hibernate Commons Annotations {5.1.2.Final}
2025-12-03 19:18:32 INFO  [main] org.hibernate.dialect.Dialect - HHH000400: Using dialect: org.hibernate.dialect.H2Dialect
2025-12-03 19:18:33 INFO  [main] o.h.e.t.j.p.i.JtaPlatformInitiator - HHH000490: Using JtaPlatform implementation: [org.hibernate.engine.transaction.jta.platform.internal.NoJtaPlatform]
2025-12-03 19:18:33 INFO  [main] o.s.o.j.LocalContainerEntityManagerFactoryBean - Initialized JPA EntityManagerFactory for persistence unit 'default'
2025-12-03 19:18:34 INFO  [main] o.s.s.web.DefaultSecurityFilterChain - Will secure any request with [org.springframework.security.web.session.DisableEncodeUrlFilter@6706da3d, org.springframework.security.web.context.request.async.WebAsyncManagerIntegrationFilter@7438c3d5, org.springframework.security.web.context.SecurityContextPersistenceFilter@50e8ed74, org.springframework.security.web.header.HeaderWriterFilter@7c5ac0, org.springframework.security.web.authentication.logout.LogoutFilter@4efed0e0, com.example.nutrition.security.JwtAuthenticationFilter@5d5574c7, org.springframework.security.web.savedrequest.RequestCacheAwareFilter@3063be68, org.springframework.security.web.servletapi.SecurityContextHolderAwareRequestFilter@2d2f09a4, org.springframework.security.web.authentication.AnonymousAuthenticationFilter@1fba3fd6, org.springframework.security.web.session.SessionManagementFilter@5de335cf, org.springframework.security.web.access.ExceptionTranslationFilter@2a510e0e, org.springframework.security.web.access.intercept.FilterSecurityInterceptor@75d7297d]
2025-12-03 19:18:34 INFO  [main] o.s.b.a.e.web.EndpointLinksResolver - Exposing 6 endpoint(s) beneath base path '/actuator'
2025-12-03 19:18:34 INFO  [main] o.a.coyote.http11.Http11NioProtocol - Starting ProtocolHandler ["http-nio-8080"]
2025-12-03 19:18:34 INFO  [main] o.s.b.w.e.tomcat.TomcatWebServer - Tomcat started on port(s): 8080 (http) with context path ''
2025-12-03 19:18:34 INFO  [main] com.example.nutrition.Application - Started Application in 3.657 seconds (JVM running for 4.185)
2025-12-03 19:18:34 INFO  [main] c.e.nutrition.config.SecurityConfig - Starting to initialize default data...
2025-12-03 19:18:34 INFO  [main] c.e.nutrition.config.SecurityConfig - Initializing roles...
2025-12-03 19:18:34 INFO  [main] c.e.nutrition.config.SecurityConfig - Checking for admin user...
2025-12-03 19:18:34 INFO  [main] c.e.nutrition.config.SecurityConfig - Admin user already exists
2025-12-03 19:18:34 INFO  [main] c.e.nutrition.config.SecurityConfig - Default data initialization completed!
2025-12-03 19:18:34 INFO  [RMI TCP Connection(3)-10.6.1.83] o.a.c.c.C.[Tomcat].[localhost].[/] - Initializing Spring DispatcherServlet 'dispatcherServlet'
2025-12-03 19:18:34 INFO  [RMI TCP Connection(3)-10.6.1.83] o.s.web.servlet.DispatcherServlet - Initializing Servlet 'dispatcherServlet'
2025-12-03 19:18:34 INFO  [RMI TCP Connection(3)-10.6.1.83] o.s.web.servlet.DispatcherServlet - Completed initialization in 1 ms
2025-12-03 19:40:44 INFO  [SpringApplicationShutdownHook] o.s.o.j.LocalContainerEntityManagerFactoryBean - Closing JPA EntityManagerFactory for persistence unit 'default'
2025-12-03 19:40:44 INFO  [SpringApplicationShutdownHook] com.zaxxer.hikari.HikariDataSource - HikariPool-1 - Shutdown initiated...
2025-12-03 19:40:44 INFO  [SpringApplicationShutdownHook] com.zaxxer.hikari.HikariDataSource - HikariPool-1 - Shutdown completed.
