2025-11-22 21:59:21 INFO  [background-preinit] o.h.validator.internal.util.Version - HV000001: Hibernate Validator 6.2.5.Final
2025-11-22 21:59:21 INFO  [main] com.example.nutrition.Application - Starting Application using Java 1.8.0_202 on sy with PID 13000 (D:\codes\Grade3\mobile-internet\BackEnd_Admin\target\classes started by syzzt in D:\codes\Grade3\mobile-internet\BackEnd_Admin)
2025-11-22 21:59:21 INFO  [main] com.example.nutrition.Application - No active profile set, falling back to 1 default profile: "default"
2025-11-22 21:59:21 INFO  [main] o.s.d.r.c.RepositoryConfigurationDelegate - Bootstrapping Spring Data JPA repositories in DEFAULT mode.
2025-11-22 21:59:21 INFO  [main] o.s.d.r.c.RepositoryConfigurationDelegate - Finished Spring Data repository scanning in 30 ms. Found 3 JPA repository interfaces.
2025-11-22 21:59:22 INFO  [main] o.s.b.w.e.tomcat.TomcatWebServer - Tomcat initialized with port(s): 8080 (http)
2025-11-22 21:59:22 INFO  [main] o.a.coyote.http11.Http11NioProtocol - Initializing ProtocolHandler ["http-nio-8080"]
2025-11-22 21:59:22 INFO  [main] o.a.catalina.core.StandardService - Starting service [Tomcat]
2025-11-22 21:59:22 INFO  [main] o.a.catalina.core.StandardEngine - Starting Servlet engine: [Apache Tomcat/9.0.83]
2025-11-22 21:59:22 INFO  [main] o.a.c.c.C.[Tomcat].[localhost].[/] - Initializing Spring embedded WebApplicationContext
2025-11-22 21:59:22 INFO  [main] o.s.b.w.s.c.ServletWebServerApplicationContext - Root WebApplicationContext: initialization completed in 1558 ms
2025-11-22 21:59:22 INFO  [main] com.zaxxer.hikari.HikariDataSource - HikariPool-1 - Starting...
2025-11-22 21:59:22 INFO  [main] com.zaxxer.hikari.HikariDataSource - HikariPool-1 - Start completed.
2025-11-22 21:59:22 INFO  [main] o.s.b.a.h.H2ConsoleAutoConfiguration - H2 console available at '/h2-console'. Database available at 'jdbc:h2:file:./data/db'
2025-11-22 21:59:22 INFO  [main] o.h.jpa.internal.util.LogHelper - HHH000204: Processing PersistenceUnitInfo [name: default]
2025-11-22 21:59:22 INFO  [main] org.hibernate.Version - HHH000412: Hibernate ORM core version 5.6.15.Final
2025-11-22 21:59:23 INFO  [main] o.h.annotations.common.Version - HCANN000001: Hibernate Commons Annotations {5.1.2.Final}
2025-11-22 21:59:23 INFO  [main] org.hibernate.dialect.Dialect - HHH000400: Using dialect: org.hibernate.dialect.H2Dialect
2025-11-22 21:59:23 INFO  [main] o.h.e.t.j.p.i.JtaPlatformInitiator - HHH000490: Using JtaPlatform implementation: [org.hibernate.engine.transaction.jta.platform.internal.NoJtaPlatform]
2025-11-22 21:59:23 INFO  [main] o.s.o.j.LocalContainerEntityManagerFactoryBean - Initialized JPA EntityManagerFactory for persistence unit 'default'
2025-11-22 21:59:23 INFO  [main] o.s.s.web.DefaultSecurityFilterChain - Will secure any request with [org.springframework.security.web.session.DisableEncodeUrlFilter@61c4cebd, org.springframework.security.web.context.request.async.WebAsyncManagerIntegrationFilter@655909e2, org.springframework.security.web.context.SecurityContextPersistenceFilter@3a8fb023, org.springframework.security.web.header.HeaderWriterFilter@627acb38, org.springframework.security.web.authentication.logout.LogoutFilter@51e94b7d, com.example.nutrition.security.JwtAuthenticationFilter@17354708, org.springframework.security.web.savedrequest.RequestCacheAwareFilter@48af5f38, org.springframework.security.web.servletapi.SecurityContextHolderAwareRequestFilter@71a2df1, org.springframework.security.web.authentication.AnonymousAuthenticationFilter@716ae973, org.springframework.security.web.session.SessionManagementFilter@7d126083, org.springframework.security.web.access.ExceptionTranslationFilter@3fe8ad3f, org.springframework.security.web.access.intercept.FilterSecurityInterceptor@1c0e4262]
2025-11-22 21:59:24 INFO  [main] o.s.b.a.e.web.EndpointLinksResolver - Exposing 6 endpoint(s) beneath base path '/actuator'
2025-11-22 21:59:24 INFO  [main] o.a.coyote.http11.Http11NioProtocol - Starting ProtocolHandler ["http-nio-8080"]
2025-11-22 21:59:24 INFO  [main] o.s.b.w.e.tomcat.TomcatWebServer - Tomcat started on port(s): 8080 (http) with context path ''
2025-11-22 21:59:24 INFO  [main] com.example.nutrition.Application - Started Application in 3.621 seconds (JVM running for 3.852)
2025-11-22 22:01:46 INFO  [SpringApplicationShutdownHook] o.s.o.j.LocalContainerEntityManagerFactoryBean - Closing JPA EntityManagerFactory for persistence unit 'default'
2025-11-22 22:01:46 INFO  [SpringApplicationShutdownHook] com.zaxxer.hikari.HikariDataSource - HikariPool-1 - Shutdown initiated...
2025-11-22 22:01:46 INFO  [SpringApplicationShutdownHook] com.zaxxer.hikari.HikariDataSource - HikariPool-1 - Shutdown completed.
2025-11-22 22:02:04 INFO  [background-preinit] o.h.validator.internal.util.Version - HV000001: Hibernate Validator 6.2.5.Final
2025-11-22 22:02:04 INFO  [main] com.example.nutrition.Application - Starting Application using Java 1.8.0_202 on sy with PID 604 (D:\codes\Grade3\mobile-internet\BackEnd_Admin\target\classes started by syzzt in D:\codes\Grade3\mobile-internet\BackEnd_Admin)
2025-11-22 22:02:04 INFO  [main] com.example.nutrition.Application - No active profile set, falling back to 1 default profile: "default"
2025-11-22 22:02:04 INFO  [main] o.s.d.r.c.RepositoryConfigurationDelegate - Bootstrapping Spring Data JPA repositories in DEFAULT mode.
2025-11-22 22:02:04 INFO  [main] o.s.d.r.c.RepositoryConfigurationDelegate - Finished Spring Data repository scanning in 25 ms. Found 3 JPA repository interfaces.
2025-11-22 22:02:05 INFO  [main] o.s.b.w.e.tomcat.TomcatWebServer - Tomcat initialized with port(s): 8080 (http)
2025-11-22 22:02:05 INFO  [main] o.a.coyote.http11.Http11NioProtocol - Initializing ProtocolHandler ["http-nio-8080"]
2025-11-22 22:02:05 INFO  [main] o.a.catalina.core.StandardService - Starting service [Tomcat]
2025-11-22 22:02:05 INFO  [main] o.a.catalina.core.StandardEngine - Starting Servlet engine: [Apache Tomcat/9.0.83]
2025-11-22 22:02:05 INFO  [main] o.a.c.c.C.[Tomcat].[localhost].[/] - Initializing Spring embedded WebApplicationContext
2025-11-22 22:02:05 INFO  [main] o.s.b.w.s.c.ServletWebServerApplicationContext - Root WebApplicationContext: initialization completed in 1435 ms
2025-11-22 22:02:05 INFO  [main] com.zaxxer.hikari.HikariDataSource - HikariPool-1 - Starting...
2025-11-22 22:02:05 INFO  [main] com.zaxxer.hikari.HikariDataSource - HikariPool-1 - Start completed.
2025-11-22 22:02:05 INFO  [main] o.s.b.a.h.H2ConsoleAutoConfiguration - H2 console available at '/h2-console'. Database available at 'jdbc:h2:file:./data/db'
2025-11-22 22:02:05 INFO  [main] o.h.jpa.internal.util.LogHelper - HHH000204: Processing PersistenceUnitInfo [name: default]
2025-11-22 22:02:05 INFO  [main] org.hibernate.Version - HHH000412: Hibernate ORM core version 5.6.15.Final
2025-11-22 22:02:05 INFO  [main] o.h.annotations.common.Version - HCANN000001: Hibernate Commons Annotations {5.1.2.Final}
2025-11-22 22:02:06 INFO  [main] org.hibernate.dialect.Dialect - HHH000400: Using dialect: org.hibernate.dialect.H2Dialect
2025-11-22 22:02:06 INFO  [main] o.h.e.t.j.p.i.JtaPlatformInitiator - HHH000490: Using JtaPlatform implementation: [org.hibernate.engine.transaction.jta.platform.internal.NoJtaPlatform]
2025-11-22 22:02:06 INFO  [main] o.s.o.j.LocalContainerEntityManagerFactoryBean - Initialized JPA EntityManagerFactory for persistence unit 'default'
2025-11-22 22:02:06 INFO  [main] o.s.s.web.DefaultSecurityFilterChain - Will secure any request with [org.springframework.security.web.session.DisableEncodeUrlFilter@b841713, org.springframework.security.web.context.request.async.WebAsyncManagerIntegrationFilter@3fef1e6b, org.springframework.security.web.context.SecurityContextPersistenceFilter@56cd5d76, org.springframework.security.web.header.HeaderWriterFilter@315cf170, org.springframework.security.web.authentication.logout.LogoutFilter@629cbb1, com.example.nutrition.security.JwtAuthenticationFilter@33187485, org.springframework.security.web.savedrequest.RequestCacheAwareFilter@302da330, org.springframework.security.web.servletapi.SecurityContextHolderAwareRequestFilter@9f2376f, org.springframework.security.web.authentication.AnonymousAuthenticationFilter@4fee14b, org.springframework.security.web.session.SessionManagementFilter@102af1bb, org.springframework.security.web.access.ExceptionTranslationFilter@7e1a9173, org.springframework.security.web.access.intercept.FilterSecurityInterceptor@29f95272]
2025-11-22 22:02:07 INFO  [main] o.s.b.a.e.web.EndpointLinksResolver - Exposing 6 endpoint(s) beneath base path '/actuator'
2025-11-22 22:02:07 INFO  [main] o.a.coyote.http11.Http11NioProtocol - Starting ProtocolHandler ["http-nio-8080"]
2025-11-22 22:02:07 INFO  [main] o.s.b.w.e.tomcat.TomcatWebServer - Tomcat started on port(s): 8080 (http) with context path ''
2025-11-22 22:02:07 INFO  [main] com.example.nutrition.Application - Started Application in 3.284 seconds (JVM running for 3.505)
2025-11-22 22:05:20 INFO  [http-nio-8080-exec-1] o.a.c.c.C.[Tomcat].[localhost].[/] - Initializing Spring DispatcherServlet 'dispatcherServlet'
2025-11-22 22:05:20 INFO  [http-nio-8080-exec-1] o.s.web.servlet.DispatcherServlet - Initializing Servlet 'dispatcherServlet'
2025-11-22 22:05:20 INFO  [http-nio-8080-exec-1] o.s.web.servlet.DispatcherServlet - Completed initialization in 2 ms
2025-11-22 22:10:12 INFO  [SpringApplicationShutdownHook] o.s.o.j.LocalContainerEntityManagerFactoryBean - Closing JPA EntityManagerFactory for persistence unit 'default'
2025-11-22 22:10:12 INFO  [SpringApplicationShutdownHook] com.zaxxer.hikari.HikariDataSource - HikariPool-1 - Shutdown initiated...
2025-11-22 22:10:12 INFO  [SpringApplicationShutdownHook] com.zaxxer.hikari.HikariDataSource - HikariPool-1 - Shutdown completed.
